<?xml version="1.0" encoding="UTF-8"?>
<testsuite xmlns:xsi="http://www.w3.org/2001/XMLSchema-instance" xsi:noNamespaceSchemaLocation="https://maven.apache.org/surefire/maven-surefire-plugin/xsd/surefire-test-report.xsd" name="webadv.s99201105.p02.AppTest" time="0.078" tests="2" errors="0" skipped="0" failures="0">
  <properties>
    <property name="sun.desktop" value="windows"/>
    <property name="awt.toolkit" value="sun.awt.windows.WToolkit"/>
    <property name="file.encoding.pkg" value="sun.io"/>
    <property name="java.specification.version" value="1.8"/>
    <property name="sun.cpu.isalist" value="amd64"/>
    <property name="sun.jnu.encoding" value="GBK"/>
    <property name="java.class.path" value="e:\work\webadv\repo\p02\target\test-classes;e:\work\webadv\repo\p02\target\classes;D:\Apache\Maven\repo\junit\junit\4.12\junit-4.12.jar;D:\Apache\Maven\repo\org\hamcrest\hamcrest-core\1.3\hamcrest-core-1.3.jar;D:\Apache\Maven\repo\commons-codec\commons-codec\1.11\commons-codec-1.11.jar;"/>
    <property name="java.vm.vendor" value="Oracle Corporation"/>
    <property name="sun.arch.data.model" value="64"/>
    <property name="user.variant" value=""/>
    <property name="java.vendor.url" value="http://java.oracle.com/"/>
    <property name="user.timezone" value="Asia/Shanghai"/>
    <property name="java.vm.specification.version" value="1.8"/>
    <property name="os.name" value="Windows 10"/>
    <property name="user.country" value="CN"/>
    <property name="sun.java.launcher" value="SUN_STANDARD"/>
    <property name="sun.boot.library.path" value="C:\Program Files\Java\jdk1.8.0_181\jre\bin"/>
    <property name="sun.java.command" value="C:\Users\YINGHU~1\AppData\Local\Temp\surefire8450285859578165832\surefirebooter4659180577527506208.jar C:\Users\yinghuoshouxin\AppData\Local\Temp\surefire8450285859578165832 2020-04-14T16-09-41_489-jvmRun1 surefire2874656155194833353tmp surefire_0380725682001055652tmp"/>
    <property name="surefire.test.class.path" value="e:\work\webadv\repo\p02\target\test-classes;e:\work\webadv\repo\p02\target\classes;D:\Apache\Maven\repo\junit\junit\4.12\junit-4.12.jar;D:\Apache\Maven\repo\org\hamcrest\hamcrest-core\1.3\hamcrest-core-1.3.jar;D:\Apache\Maven\repo\commons-codec\commons-codec\1.11\commons-codec-1.11.jar;"/>
    <property name="sun.cpu.endian" value="little"/>
    <property name="user.home" value="C:\Users\yinghuoshouxin"/>
    <property name="user.language" value="zh"/>
    <property name="java.specification.vendor" value="Oracle Corporation"/>
    <property name="java.home" value="C:\Program Files\Java\jdk1.8.0_181\jre"/>
    <property name="basedir" value="e:\work\webadv\repo\p02"/>
    <property name="file.separator" value="\"/>
    <property name="line.separator" value="&#10;"/>
    <property name="java.vm.specification.vendor" value="Oracle Corporation"/>
    <property name="java.specification.name" value="Java Platform API Specification"/>
    <property name="java.awt.graphicsenv" value="sun.awt.Win32GraphicsEnvironment"/>
    <property name="surefire.real.class.path" value="C:\Users\YINGHU~1\AppData\Local\Temp\surefire8450285859578165832\surefirebooter4659180577527506208.jar"/>
    <property name="sun.boot.class.path" value="C:\Program Files\Java\jdk1.8.0_181\jre\lib\resources.jar;C:\Program Files\Java\jdk1.8.0_181\jre\lib\rt.jar;C:\Program Files\Java\jdk1.8.0_181\jre\lib\sunrsasign.jar;C:\Program Files\Java\jdk1.8.0_181\jre\lib\jsse.jar;C:\Program Files\Java\jdk1.8.0_181\jre\lib\jce.jar;C:\Program Files\Java\jdk1.8.0_181\jre\lib\charsets.jar;C:\Program Files\Java\jdk1.8.0_181\jre\lib\jfr.jar;C:\Program Files\Java\jdk1.8.0_181\jre\classes"/>
    <property name="user.script" value=""/>
    <property name="sun.management.compiler" value="HotSpot 64-Bit Tiered Compilers"/>
    <property name="java.runtime.version" value="1.8.0_181-b13"/>
    <property name="user.name" value="荧惑守心"/>
    <property name="path.separator" value=";"/>
    <property name="os.version" value="10.0"/>
    <property name="java.endorsed.dirs" value="C:\Program Files\Java\jdk1.8.0_181\jre\lib\endorsed"/>
    <property name="java.runtime.name" value="Java(TM) SE Runtime Environment"/>
    <property name="file.encoding" value="GBK"/>
    <property name="java.vm.name" value="Java HotSpot(TM) 64-Bit Server VM"/>
    <property name="localRepository" value="D:\Apache\Maven\repo"/>
    <property name="java.vendor.url.bug" value="http://bugreport.sun.com/bugreport/"/>
    <property name="java.io.tmpdir" value="C:\Users\YINGHU~1\AppData\Local\Temp\"/>
    <property name="java.version" value="1.8.0_181"/>
    <property name="user.dir" value="e:\work\webadv\repo\p02"/>
    <property name="os.arch" value="amd64"/>
    <property name="java.vm.specification.name" value="Java Virtual Machine Specification"/>
    <property name="java.awt.printerjob" value="sun.awt.windows.WPrinterJob"/>
    <property name="sun.os.patch.level" value=""/>
    <property name="java.library.path" value="C:\Program Files\Java\jdk1.8.0_181\jre\bin;C:\WINDOWS\Sun\Java\bin;C:\WINDOWS\system32;C:\WINDOWS;D:\app\yinghuoshouxin\product\11.2.0\client_1\bin;D:\app\yinghuoshouxin\product\11.2.0\dbhome_2\bin;C:\Program Files (x86)\Common Files\Oracle\Java\javapath;C:\Program Files\Java\jdk1.8.0_181\bin;C:\Program Files\Java\jdk1.8.0_181\jre\bin;D:\Apache\Maven\bin;D:\Games\apache-tomcat-8.5.47\bin;D:\Games\apache-tomcat-8.5.47\lib;E:\Android\android-sdk-windows\tools;E:\Android\android-sdk-windows\platform-tools;E:\Android\android-sdk-windows\build-tools\29.0.2;D:\SqlServer2014\SqlServer2014Net\120\DTS\Binn\;D:\SqlServer2014\SqlServer2014Net\Client SDK\ODBC\110\Tools\Binn\;D:\SqlServer2014\SqlServer2014Netx86\120\Tools\Binn\;D:\SqlServer2014\SqlServer2014Net\120\Tools\Binn\;D:\SqlServer2014\SqlServer2014Netx86\120\Tools\Binn\ManagementStudio\;D:\SqlServer2014\SqlServer2014Netx86\120\DTS\Binn\;D:\software\work\Git\cmd;E:\Python\pythoninstall\Scripts\;E:\Python\pythoninstall\;C:\Users\yinghuoshouxin\AppData\Local\Microsoft\WindowsApps;E:\Program Files\Bandizip\;D:\software\work\Microsoft VS Code\bin;."/>
    <property name="java.vm.info" value="mixed mode"/>
    <property name="java.vendor" value="Oracle Corporation"/>
    <property name="java.vm.version" value="25.181-b13"/>
    <property name="java.ext.dirs" value="C:\Program Files\Java\jdk1.8.0_181\jre\lib\ext;C:\WINDOWS\Sun\Java\lib\ext"/>
    <property name="sun.io.unicode.encoding" value="UnicodeLittle"/>
    <property name="java.class.version" value="52.0"/>
  </properties>
  <testcase name="testHex" classname="webadv.s99201105.p02.AppTest" time="0.02"/>
  <testcase name="testLength" classname="webadv.s99201105.p02.AppTest" time="0"/>
</testsuite>